{"D:\\asafs\\projects\\nodeJS\\simpleCheckList\\index.js": {"path":"D:\\asafs\\projects\\nodeJS\\simpleCheckList\\index.js","statementMap":{"0":{"start":{"line":1,"column":12},"end":{"line":1,"column":32}},"1":{"start":{"line":2,"column":19},"end":{"line":2,"column":49}},"2":{"start":{"line":3,"column":14},"end":{"line":3,"column":39}},"3":{"start":{"line":4,"column":17},"end":{"line":4,"column":36}},"4":{"start":{"line":5,"column":15},"end":{"line":5,"column":32}},"5":{"start":{"line":6,"column":12},"end":{"line":6,"column":32}},"6":{"start":{"line":7,"column":19},"end":{"line":7,"column":41}},"7":{"start":{"line":8,"column":0},"end":{"line":8,"column":43}},"8":{"start":{"line":12,"column":0},"end":{"line":12,"column":27}},"9":{"start":{"line":13,"column":0},"end":{"line":13,"column":37}},"10":{"start":{"line":14,"column":0},"end":{"line":14,"column":27}},"11":{"start":{"line":17,"column":14},"end":{"line":17,"column":34}},"12":{"start":{"line":21,"column":2},"end":{"line":22,"column":5}},"13":{"start":{"line":24,"column":0},"end":{"line":24,"column":15}},"14":{"start":{"line":27,"column":13},"end":{"line":27,"column":37}},"15":{"start":{"line":30,"column":14},"end":{"line":32,"column":2}},"16":{"start":{"line":31,"column":2},"end":{"line":31,"column":42}},"17":{"start":{"line":36,"column":0},"end":{"line":36,"column":24}}},"fnMap":{"0":{"name":"initializeDB","decl":{"start":{"line":20,"column":9},"end":{"line":20,"column":21}},"loc":{"start":{"line":20,"column":24},"end":{"line":23,"column":1}},"line":20},"1":{"name":"(anonymous_1)","decl":{"start":{"line":21,"column":58},"end":{"line":21,"column":59}},"loc":{"start":{"line":21,"column":64},"end":{"line":22,"column":3}},"line":21},"2":{"name":"(anonymous_2)","decl":{"start":{"line":30,"column":31},"end":{"line":30,"column":32}},"loc":{"start":{"line":30,"column":46},"end":{"line":32,"column":1}},"line":30}},"branchMap":{"0":{"loc":{"start":{"line":27,"column":13},"end":{"line":27,"column":37}},"type":"binary-expr","locations":[{"start":{"line":27,"column":13},"end":{"line":27,"column":29}},{"start":{"line":27,"column":33},"end":{"line":27,"column":37}}],"line":27}},"s":{"0":2,"1":2,"2":2,"3":2,"4":2,"5":2,"6":2,"7":2,"8":2,"9":2,"10":2,"11":2,"12":2,"13":2,"14":2,"15":2,"16":2,"17":2},"f":{"0":2,"1":2,"2":2},"b":{"0":[2,2]},"_coverageSchema":"43e27e138ebf9cfc5966b082cf9a028302ed4184","hash":"2cfc70a3f888d2cefaf6ac02fc9fc64cf346334b"}
,"D:\\asafs\\projects\\nodeJS\\simpleCheckList\\middleware\\auth.js": {"path":"D:\\asafs\\projects\\nodeJS\\simpleCheckList\\middleware\\auth.js","statementMap":{"0":{"start":{"line":1,"column":12},"end":{"line":1,"column":35}},"1":{"start":{"line":2,"column":14},"end":{"line":2,"column":31}},"2":{"start":{"line":4,"column":22},"end":{"line":15,"column":1}},"3":{"start":{"line":5,"column":14},"end":{"line":5,"column":40}},"4":{"start":{"line":6,"column":2},"end":{"line":6,"column":53}},"5":{"start":{"line":6,"column":14},"end":{"line":6,"column":53}},"6":{"start":{"line":8,"column":2},"end":{"line":14,"column":3}},"7":{"start":{"line":9,"column":20},"end":{"line":9,"column":68}},"8":{"start":{"line":10,"column":4},"end":{"line":10,"column":23}},"9":{"start":{"line":11,"column":4},"end":{"line":11,"column":11}},"10":{"start":{"line":13,"column":4},"end":{"line":13,"column":50}},"11":{"start":{"line":17,"column":16},"end":{"line":23,"column":1}},"12":{"start":{"line":18,"column":2},"end":{"line":22,"column":3}},"13":{"start":{"line":19,"column":4},"end":{"line":19,"column":46}},"14":{"start":{"line":21,"column":4},"end":{"line":21,"column":11}},"15":{"start":{"line":25,"column":0},"end":{"line":25,"column":36}},"16":{"start":{"line":26,"column":0},"end":{"line":26,"column":31}}},"fnMap":{"0":{"name":"(anonymous_0)","decl":{"start":{"line":4,"column":22},"end":{"line":4,"column":23}},"loc":{"start":{"line":4,"column":43},"end":{"line":15,"column":1}},"line":4},"1":{"name":"(anonymous_1)","decl":{"start":{"line":17,"column":16},"end":{"line":17,"column":17}},"loc":{"start":{"line":17,"column":37},"end":{"line":23,"column":1}},"line":17}},"branchMap":{"0":{"loc":{"start":{"line":6,"column":2},"end":{"line":6,"column":53}},"type":"if","locations":[{"start":{"line":6,"column":2},"end":{"line":6,"column":53}},{"start":{"line":6,"column":2},"end":{"line":6,"column":53}}],"line":6},"1":{"loc":{"start":{"line":18,"column":2},"end":{"line":22,"column":3}},"type":"if","locations":[{"start":{"line":18,"column":2},"end":{"line":22,"column":3}},{"start":{"line":18,"column":2},"end":{"line":22,"column":3}}],"line":18}},"s":{"0":2,"1":2,"2":2,"3":25,"4":25,"5":5,"6":25,"7":25,"8":20,"9":20,"10":5,"11":2,"12":3,"13":1,"14":2,"15":2,"16":2},"f":{"0":25,"1":3},"b":{"0":[5,20],"1":[1,2]},"_coverageSchema":"43e27e138ebf9cfc5966b082cf9a028302ed4184","hash":"71338cffa87827337d83306f1a0e1ef45adf7eac"}
,"D:\\asafs\\projects\\nodeJS\\simpleCheckList\\middleware\\object-id-validator.js": {"path":"D:\\asafs\\projects\\nodeJS\\simpleCheckList\\middleware\\object-id-validator.js","statementMap":{"0":{"start":{"line":1,"column":17},"end":{"line":1,"column":36}},"1":{"start":{"line":3,"column":20},"end":{"line":3,"column":43}},"2":{"start":{"line":5,"column":0},"end":{"line":11,"column":2}},"3":{"start":{"line":6,"column":13},"end":{"line":6,"column":26}},"4":{"start":{"line":8,"column":2},"end":{"line":8,"column":84}},"5":{"start":{"line":8,"column":20},"end":{"line":8,"column":84}},"6":{"start":{"line":10,"column":2},"end":{"line":10,"column":9}}},"fnMap":{"0":{"name":"(anonymous_0)","decl":{"start":{"line":5,"column":17},"end":{"line":5,"column":18}},"loc":{"start":{"line":5,"column":42},"end":{"line":11,"column":1}},"line":5}},"branchMap":{"0":{"loc":{"start":{"line":8,"column":2},"end":{"line":8,"column":84}},"type":"if","locations":[{"start":{"line":8,"column":2},"end":{"line":8,"column":84}},{"start":{"line":8,"column":2},"end":{"line":8,"column":84}}],"line":8}},"s":{"0":2,"1":2,"2":2,"3":11,"4":11,"5":2,"6":9},"f":{"0":11},"b":{"0":[2,9]},"_coverageSchema":"43e27e138ebf9cfc5966b082cf9a028302ed4184","hash":"b73c665b130c06386882ddd0033895da12440ea9"}
,"D:\\asafs\\projects\\nodeJS\\simpleCheckList\\middleware\\password-hashing.js": {"path":"D:\\asafs\\projects\\nodeJS\\simpleCheckList\\middleware\\password-hashing.js","statementMap":{"0":{"start":{"line":1,"column":15},"end":{"line":1,"column":32}},"1":{"start":{"line":4,"column":0},"end":{"line":9,"column":1}},"2":{"start":{"line":6,"column":17},"end":{"line":6,"column":41}},"3":{"start":{"line":7,"column":4},"end":{"line":7,"column":38}}},"fnMap":{"0":{"name":"(anonymous_0)","decl":{"start":{"line":4,"column":17},"end":{"line":4,"column":18}},"loc":{"start":{"line":4,"column":41},"end":{"line":9,"column":1}},"line":4}},"branchMap":{},"s":{"0":2,"1":2,"2":3,"3":3},"f":{"0":3},"b":{},"_coverageSchema":"43e27e138ebf9cfc5966b082cf9a028302ed4184","hash":"e0b141fdc0c7fccb3151714acacfba93ffc6f7fb"}
,"D:\\asafs\\projects\\nodeJS\\simpleCheckList\\middleware\\validate.js": {"path":"D:\\asafs\\projects\\nodeJS\\simpleCheckList\\middleware\\validate.js","statementMap":{"0":{"start":{"line":1,"column":0},"end":{"line":7,"column":2}},"1":{"start":{"line":2,"column":2},"end":{"line":6,"column":4}},"2":{"start":{"line":3,"column":22},"end":{"line":3,"column":41}},"3":{"start":{"line":4,"column":4},"end":{"line":4,"column":66}},"4":{"start":{"line":4,"column":15},"end":{"line":4,"column":66}},"5":{"start":{"line":5,"column":4},"end":{"line":5,"column":11}}},"fnMap":{"0":{"name":"(anonymous_0)","decl":{"start":{"line":1,"column":17},"end":{"line":1,"column":18}},"loc":{"start":{"line":1,"column":37},"end":{"line":7,"column":1}},"line":1},"1":{"name":"(anonymous_1)","decl":{"start":{"line":2,"column":9},"end":{"line":2,"column":10}},"loc":{"start":{"line":2,"column":34},"end":{"line":6,"column":3}},"line":2}},"branchMap":{"0":{"loc":{"start":{"line":4,"column":4},"end":{"line":4,"column":66}},"type":"if","locations":[{"start":{"line":4,"column":4},"end":{"line":4,"column":66}},{"start":{"line":4,"column":4},"end":{"line":4,"column":66}}],"line":4}},"s":{"0":2,"1":6,"2":13,"3":13,"4":3,"5":10},"f":{"0":6,"1":13},"b":{"0":[3,10]},"_coverageSchema":"43e27e138ebf9cfc5966b082cf9a028302ed4184","hash":"3c0205356e6f9ee6a4cfb2c1fa8195f7c1e31f90"}
,"D:\\asafs\\projects\\nodeJS\\simpleCheckList\\models\\checklist.js": {"path":"D:\\asafs\\projects\\nodeJS\\simpleCheckList\\models\\checklist.js","statementMap":{"0":{"start":{"line":1,"column":17},"end":{"line":1,"column":36}},"1":{"start":{"line":2,"column":12},"end":{"line":2,"column":32}},"2":{"start":{"line":3,"column":15},"end":{"line":3,"column":32}},"3":{"start":{"line":4,"column":48},"end":{"line":4,"column":77}},"4":{"start":{"line":7,"column":24},"end":{"line":41,"column":2}},"5":{"start":{"line":18,"column":8},"end":{"line":18,"column":45}},"6":{"start":{"line":44,"column":0},"end":{"line":48,"column":2}},"7":{"start":{"line":45,"column":2},"end":{"line":47,"column":5}},"8":{"start":{"line":50,"column":0},"end":{"line":55,"column":2}},"9":{"start":{"line":51,"column":2},"end":{"line":54,"column":5}},"10":{"start":{"line":59,"column":0},"end":{"line":72,"column":2}},"11":{"start":{"line":63,"column":2},"end":{"line":63,"column":53}},"12":{"start":{"line":65,"column":36},"end":{"line":65,"column":52}},"13":{"start":{"line":67,"column":2},"end":{"line":67,"column":19}},"14":{"start":{"line":68,"column":2},"end":{"line":68,"column":27}},"15":{"start":{"line":69,"column":2},"end":{"line":69,"column":21}},"16":{"start":{"line":71,"column":2},"end":{"line":71,"column":21}},"17":{"start":{"line":75,"column":18},"end":{"line":75,"column":62}},"18":{"start":{"line":78,"column":26},"end":{"line":95,"column":1}},"19":{"start":{"line":79,"column":17},"end":{"line":92,"column":4}},"20":{"start":{"line":94,"column":2},"end":{"line":94,"column":41}},"21":{"start":{"line":97,"column":0},"end":{"line":97,"column":37}},"22":{"start":{"line":98,"column":0},"end":{"line":98,"column":45}}},"fnMap":{"0":{"name":"(anonymous_0)","decl":{"start":{"line":17,"column":17},"end":{"line":17,"column":18}},"loc":{"start":{"line":17,"column":29},"end":{"line":19,"column":7}},"line":17},"1":{"name":"(anonymous_1)","decl":{"start":{"line":44,"column":44},"end":{"line":44,"column":45}},"loc":{"start":{"line":44,"column":61},"end":{"line":48,"column":1}},"line":44},"2":{"name":"(anonymous_2)","decl":{"start":{"line":50,"column":43},"end":{"line":50,"column":44}},"loc":{"start":{"line":50,"column":73},"end":{"line":55,"column":1}},"line":50},"3":{"name":"(anonymous_3)","decl":{"start":{"line":59,"column":35},"end":{"line":59,"column":36}},"loc":{"start":{"line":59,"column":68},"end":{"line":72,"column":1}},"line":59},"4":{"name":"(anonymous_4)","decl":{"start":{"line":78,"column":26},"end":{"line":78,"column":27}},"loc":{"start":{"line":78,"column":46},"end":{"line":95,"column":1}},"line":78}},"branchMap":{"0":{"loc":{"start":{"line":24,"column":13},"end":{"line":26,"column":17}},"type":"cond-expr","locations":[{"start":{"line":25,"column":8},"end":{"line":25,"column":40}},{"start":{"line":26,"column":8},"end":{"line":26,"column":17}}],"line":24}},"s":{"0":3,"1":3,"2":3,"3":3,"4":3,"5":40,"6":3,"7":2,"8":3,"9":8,"10":3,"11":3,"12":3,"13":3,"14":3,"15":3,"16":3,"17":3,"18":3,"19":10,"20":10,"21":3,"22":3},"f":{"0":40,"1":2,"2":8,"3":3,"4":10},"b":{"0":[0,3]},"_coverageSchema":"43e27e138ebf9cfc5966b082cf9a028302ed4184","hash":"92dfb326dbbbd85a5b9b91c3a1c1f47f20e0c5c3"}
,"D:\\asafs\\projects\\nodeJS\\simpleCheckList\\models\\user.js": {"path":"D:\\asafs\\projects\\nodeJS\\simpleCheckList\\models\\user.js","statementMap":{"0":{"start":{"line":1,"column":17},"end":{"line":1,"column":36}},"1":{"start":{"line":2,"column":12},"end":{"line":2,"column":35}},"2":{"start":{"line":3,"column":12},"end":{"line":3,"column":32}},"3":{"start":{"line":4,"column":15},"end":{"line":4,"column":32}},"4":{"start":{"line":6,"column":19},"end":{"line":34,"column":2}},"5":{"start":{"line":36,"column":0},"end":{"line":43,"column":2}},"6":{"start":{"line":37,"column":19},"end":{"line":37,"column":48}},"7":{"start":{"line":38,"column":16},"end":{"line":41,"column":3}},"8":{"start":{"line":42,"column":2},"end":{"line":42,"column":15}},"9":{"start":{"line":45,"column":13},"end":{"line":45,"column":47}},"10":{"start":{"line":48,"column":20},"end":{"line":68,"column":4}},"11":{"start":{"line":70,"column":2},"end":{"line":70,"column":39}},"12":{"start":{"line":73,"column":0},"end":{"line":73,"column":27}},"13":{"start":{"line":74,"column":0},"end":{"line":74,"column":40}}},"fnMap":{"0":{"name":"(anonymous_0)","decl":{"start":{"line":36,"column":39},"end":{"line":36,"column":40}},"loc":{"start":{"line":36,"column":50},"end":{"line":43,"column":1}},"line":36},"1":{"name":"validateUser","decl":{"start":{"line":47,"column":9},"end":{"line":47,"column":21}},"loc":{"start":{"line":47,"column":28},"end":{"line":71,"column":1}},"line":47}},"branchMap":{},"s":{"0":2,"1":2,"2":2,"3":2,"4":2,"5":2,"6":26,"7":26,"8":26,"9":2,"10":4,"11":4,"12":2,"13":2},"f":{"0":26,"1":4},"b":{},"_coverageSchema":"43e27e138ebf9cfc5966b082cf9a028302ed4184","hash":"64b0ff47ff281b748bde82fd4a7675b44548137a"}
,"D:\\asafs\\projects\\nodeJS\\simpleCheckList\\models\\sub-schemas\\item.js": {"path":"D:\\asafs\\projects\\nodeJS\\simpleCheckList\\models\\sub-schemas\\item.js","statementMap":{"0":{"start":{"line":1,"column":15},"end":{"line":1,"column":34}},"1":{"start":{"line":2,"column":15},"end":{"line":2,"column":32}},"2":{"start":{"line":3,"column":12},"end":{"line":3,"column":32}},"3":{"start":{"line":6,"column":24},"end":{"line":12,"column":2}},"4":{"start":{"line":14,"column":19},"end":{"line":42,"column":4}},"5":{"start":{"line":27,"column":10},"end":{"line":27,"column":47}},"6":{"start":{"line":45,"column":2},"end":{"line":45,"column":50}},"7":{"start":{"line":46,"column":2},"end":{"line":46,"column":49}}},"fnMap":{"0":{"name":"(anonymous_0)","decl":{"start":{"line":26,"column":19},"end":{"line":26,"column":20}},"loc":{"start":{"line":26,"column":31},"end":{"line":28,"column":9}},"line":26}},"branchMap":{"0":{"loc":{"start":{"line":33,"column":15},"end":{"line":35,"column":19}},"type":"cond-expr","locations":[{"start":{"line":34,"column":10},"end":{"line":34,"column":42}},{"start":{"line":35,"column":10},"end":{"line":35,"column":19}}],"line":33}},"s":{"0":3,"1":3,"2":3,"3":3,"4":3,"5":56,"6":3,"7":3},"f":{"0":56},"b":{"0":[0,3]},"_coverageSchema":"43e27e138ebf9cfc5966b082cf9a028302ed4184","hash":"df72b2b050c0f3a6532efdc1d0ff549a8381bec2"}
,"D:\\asafs\\projects\\nodeJS\\simpleCheckList\\routes\\checklists.js": {"path":"D:\\asafs\\projects\\nodeJS\\simpleCheckList\\routes\\checklists.js","statementMap":{"0":{"start":{"line":1,"column":15},"end":{"line":1,"column":42}},"1":{"start":{"line":2,"column":33},"end":{"line":2,"column":63}},"2":{"start":{"line":3,"column":24},"end":{"line":3,"column":53}},"3":{"start":{"line":4,"column":17},"end":{"line":4,"column":50}},"4":{"start":{"line":5,"column":25},"end":{"line":5,"column":69}},"5":{"start":{"line":7,"column":0},"end":{"line":11,"column":3}},"6":{"start":{"line":8,"column":21},"end":{"line":8,"column":45}},"7":{"start":{"line":10,"column":2},"end":{"line":10,"column":30}},"8":{"start":{"line":13,"column":0},"end":{"line":20,"column":3}},"9":{"start":{"line":14,"column":20},"end":{"line":14,"column":43}},"10":{"start":{"line":15,"column":2},"end":{"line":15,"column":28}},"11":{"start":{"line":17,"column":2},"end":{"line":17,"column":25}},"12":{"start":{"line":19,"column":2},"end":{"line":19,"column":29}},"13":{"start":{"line":22,"column":0},"end":{"line":28,"column":3}},"14":{"start":{"line":23,"column":17},"end":{"line":23,"column":29}},"15":{"start":{"line":25,"column":21},"end":{"line":25,"column":62}},"16":{"start":{"line":27,"column":2},"end":{"line":27,"column":30}},"17":{"start":{"line":30,"column":0},"end":{"line":46,"column":2}},"18":{"start":{"line":35,"column":20},"end":{"line":35,"column":32}},"19":{"start":{"line":36,"column":25},"end":{"line":36,"column":38}},"20":{"start":{"line":37,"column":29},"end":{"line":37,"column":37}},"21":{"start":{"line":39,"column":20},"end":{"line":39,"column":75}},"22":{"start":{"line":40,"column":4},"end":{"line":40,"column":72}},"23":{"start":{"line":40,"column":20},"end":{"line":40,"column":72}},"24":{"start":{"line":42,"column":4},"end":{"line":42,"column":47}},"25":{"start":{"line":44,"column":4},"end":{"line":44,"column":31}},"26":{"start":{"line":49,"column":0},"end":{"line":60,"column":3}},"27":{"start":{"line":51,"column":18},"end":{"line":51,"column":30}},"28":{"start":{"line":52,"column":23},"end":{"line":52,"column":36}},"29":{"start":{"line":54,"column":18},"end":{"line":54,"column":73}},"30":{"start":{"line":55,"column":2},"end":{"line":55,"column":70}},"31":{"start":{"line":55,"column":18},"end":{"line":55,"column":70}},"32":{"start":{"line":57,"column":2},"end":{"line":57,"column":48}},"33":{"start":{"line":59,"column":2},"end":{"line":59,"column":29}},"34":{"start":{"line":62,"column":0},"end":{"line":62,"column":24}}},"fnMap":{"0":{"name":"(anonymous_0)","decl":{"start":{"line":7,"column":34},"end":{"line":7,"column":35}},"loc":{"start":{"line":7,"column":54},"end":{"line":11,"column":1}},"line":7},"1":{"name":"(anonymous_1)","decl":{"start":{"line":13,"column":46},"end":{"line":13,"column":47}},"loc":{"start":{"line":13,"column":66},"end":{"line":20,"column":1}},"line":13},"2":{"name":"(anonymous_2)","decl":{"start":{"line":22,"column":24},"end":{"line":22,"column":25}},"loc":{"start":{"line":22,"column":44},"end":{"line":28,"column":1}},"line":22},"3":{"name":"(anonymous_3)","decl":{"start":{"line":33,"column":2},"end":{"line":33,"column":3}},"loc":{"start":{"line":33,"column":22},"end":{"line":45,"column":3}},"line":33},"4":{"name":"(anonymous_4)","decl":{"start":{"line":49,"column":45},"end":{"line":49,"column":46}},"loc":{"start":{"line":49,"column":63},"end":{"line":60,"column":1}},"line":49}},"branchMap":{"0":{"loc":{"start":{"line":40,"column":4},"end":{"line":40,"column":72}},"type":"if","locations":[{"start":{"line":40,"column":4},"end":{"line":40,"column":72}},{"start":{"line":40,"column":4},"end":{"line":40,"column":72}}],"line":40},"1":{"loc":{"start":{"line":55,"column":2},"end":{"line":55,"column":70}},"type":"if","locations":[{"start":{"line":55,"column":2},"end":{"line":55,"column":70}},{"start":{"line":55,"column":2},"end":{"line":55,"column":70}}],"line":55}},"s":{"0":2,"1":2,"2":2,"3":2,"4":2,"5":2,"6":2,"7":2,"8":2,"9":3,"10":3,"11":3,"12":3,"13":2,"14":2,"15":2,"16":2,"17":2,"18":4,"19":4,"20":4,"21":4,"22":4,"23":1,"24":3,"25":3,"26":2,"27":4,"28":4,"29":4,"30":4,"31":1,"32":3,"33":3,"34":2},"f":{"0":2,"1":3,"2":2,"3":4,"4":4},"b":{"0":[1,3],"1":[1,3]},"_coverageSchema":"43e27e138ebf9cfc5966b082cf9a028302ed4184","hash":"ecf973cd41a80496211f28956ee25edc9ff85ae1"}
,"D:\\asafs\\projects\\nodeJS\\simpleCheckList\\routes\\users.js": {"path":"D:\\asafs\\projects\\nodeJS\\simpleCheckList\\routes\\users.js","statementMap":{"0":{"start":{"line":1,"column":28},"end":{"line":1,"column":53}},"1":{"start":{"line":2,"column":15},"end":{"line":2,"column":42}},"2":{"start":{"line":3,"column":17},"end":{"line":3,"column":50}},"3":{"start":{"line":4,"column":10},"end":{"line":4,"column":27}},"4":{"start":{"line":5,"column":21},"end":{"line":5,"column":62}},"5":{"start":{"line":7,"column":0},"end":{"line":27,"column":3}},"6":{"start":{"line":9,"column":19},"end":{"line":9,"column":64}},"7":{"start":{"line":10,"column":2},"end":{"line":10,"column":79}},"8":{"start":{"line":10,"column":16},"end":{"line":10,"column":79}},"9":{"start":{"line":14,"column":15},"end":{"line":16,"column":3}},"10":{"start":{"line":19,"column":2},"end":{"line":19,"column":52}},"11":{"start":{"line":20,"column":2},"end":{"line":25,"column":3}},"12":{"start":{"line":21,"column":2},"end":{"line":21,"column":20}},"13":{"start":{"line":24,"column":4},"end":{"line":24,"column":43}},"14":{"start":{"line":26,"column":2},"end":{"line":26,"column":20}},"15":{"start":{"line":29,"column":0},"end":{"line":29,"column":24}}},"fnMap":{"0":{"name":"(anonymous_0)","decl":{"start":{"line":7,"column":38},"end":{"line":7,"column":39}},"loc":{"start":{"line":7,"column":58},"end":{"line":27,"column":1}},"line":7}},"branchMap":{"0":{"loc":{"start":{"line":10,"column":2},"end":{"line":10,"column":79}},"type":"if","locations":[{"start":{"line":10,"column":2},"end":{"line":10,"column":79}},{"start":{"line":10,"column":2},"end":{"line":10,"column":79}}],"line":10}},"s":{"0":2,"1":2,"2":2,"3":2,"4":2,"5":2,"6":3,"7":3,"8":1,"9":3,"10":3,"11":3,"12":3,"13":1,"14":3,"15":2},"f":{"0":3},"b":{"0":[1,2]},"_coverageSchema":"43e27e138ebf9cfc5966b082cf9a028302ed4184","hash":"9532dae847abf4d6ca9b7836532d788e0743608e"}
}
