TN:
SF:D:\asafs\projects\nodeJS\simpleCheckList\index.js
FN:20,initializeDB
FN:21,(anonymous_1)
FN:30,(anonymous_2)
FNF:3
FNH:3
FNDA:2,initializeDB
FNDA:2,(anonymous_1)
FNDA:2,(anonymous_2)
DA:1,2
DA:2,2
DA:3,2
DA:4,2
DA:5,2
DA:6,2
DA:7,2
DA:8,2
DA:12,2
DA:13,2
DA:14,2
DA:17,2
DA:21,2
DA:24,2
DA:27,2
DA:30,2
DA:31,2
DA:36,2
LF:18
LH:18
BRDA:27,0,0,2
BRDA:27,0,1,2
BRF:2
BRH:2
end_of_record
TN:
SF:D:\asafs\projects\nodeJS\simpleCheckList\middleware\auth.js
FN:4,(anonymous_0)
FN:17,(anonymous_1)
FNF:2
FNH:2
FNDA:25,(anonymous_0)
FNDA:3,(anonymous_1)
DA:1,2
DA:2,2
DA:4,2
DA:5,25
DA:6,25
DA:8,25
DA:9,25
DA:10,20
DA:11,20
DA:13,5
DA:17,2
DA:18,3
DA:19,1
DA:21,2
DA:25,2
DA:26,2
LF:16
LH:16
BRDA:6,0,0,5
BRDA:6,0,1,20
BRDA:18,1,0,1
BRDA:18,1,1,2
BRF:4
BRH:4
end_of_record
TN:
SF:D:\asafs\projects\nodeJS\simpleCheckList\middleware\object-id-validator.js
FN:5,(anonymous_0)
FNF:1
FNH:1
FNDA:11,(anonymous_0)
DA:1,2
DA:3,2
DA:5,2
DA:6,11
DA:8,11
DA:10,9
LF:6
LH:6
BRDA:8,0,0,2
BRDA:8,0,1,9
BRF:2
BRH:2
end_of_record
TN:
SF:D:\asafs\projects\nodeJS\simpleCheckList\middleware\password-hashing.js
FN:4,(anonymous_0)
FNF:1
FNH:1
FNDA:3,(anonymous_0)
DA:1,2
DA:4,2
DA:6,3
DA:7,3
LF:4
LH:4
BRF:0
BRH:0
end_of_record
TN:
SF:D:\asafs\projects\nodeJS\simpleCheckList\middleware\validate.js
FN:1,(anonymous_0)
FN:2,(anonymous_1)
FNF:2
FNH:2
FNDA:6,(anonymous_0)
FNDA:13,(anonymous_1)
DA:1,2
DA:2,6
DA:3,13
DA:4,13
DA:5,10
LF:5
LH:5
BRDA:4,0,0,3
BRDA:4,0,1,10
BRF:2
BRH:2
end_of_record
TN:
SF:D:\asafs\projects\nodeJS\simpleCheckList\models\checklist.js
FN:17,(anonymous_0)
FN:44,(anonymous_1)
FN:50,(anonymous_2)
FN:59,(anonymous_3)
FN:78,(anonymous_4)
FNF:5
FNH:5
FNDA:40,(anonymous_0)
FNDA:2,(anonymous_1)
FNDA:8,(anonymous_2)
FNDA:3,(anonymous_3)
FNDA:10,(anonymous_4)
DA:1,3
DA:2,3
DA:3,3
DA:4,3
DA:7,3
DA:18,40
DA:44,3
DA:45,2
DA:50,3
DA:51,8
DA:59,3
DA:63,3
DA:65,3
DA:67,3
DA:68,3
DA:69,3
DA:71,3
DA:75,3
DA:78,3
DA:79,10
DA:94,10
DA:97,3
DA:98,3
LF:23
LH:23
BRDA:24,0,0,0
BRDA:24,0,1,3
BRF:2
BRH:1
end_of_record
TN:
SF:D:\asafs\projects\nodeJS\simpleCheckList\models\user.js
FN:36,(anonymous_0)
FN:47,validateUser
FNF:2
FNH:2
FNDA:26,(anonymous_0)
FNDA:4,validateUser
DA:1,2
DA:2,2
DA:3,2
DA:4,2
DA:6,2
DA:36,2
DA:37,26
DA:38,26
DA:42,26
DA:45,2
DA:48,4
DA:70,4
DA:73,2
DA:74,2
LF:14
LH:14
BRF:0
BRH:0
end_of_record
TN:
SF:D:\asafs\projects\nodeJS\simpleCheckList\models\sub-schemas\item.js
FN:26,(anonymous_0)
FNF:1
FNH:1
FNDA:56,(anonymous_0)
DA:1,3
DA:2,3
DA:3,3
DA:6,3
DA:14,3
DA:27,56
DA:45,3
DA:46,3
LF:8
LH:8
BRDA:33,0,0,0
BRDA:33,0,1,3
BRF:2
BRH:1
end_of_record
TN:
SF:D:\asafs\projects\nodeJS\simpleCheckList\routes\checklists.js
FN:7,(anonymous_0)
FN:13,(anonymous_1)
FN:22,(anonymous_2)
FN:33,(anonymous_3)
FN:49,(anonymous_4)
FNF:5
FNH:5
FNDA:2,(anonymous_0)
FNDA:3,(anonymous_1)
FNDA:2,(anonymous_2)
FNDA:4,(anonymous_3)
FNDA:4,(anonymous_4)
DA:1,2
DA:2,2
DA:3,2
DA:4,2
DA:5,2
DA:7,2
DA:8,2
DA:10,2
DA:13,2
DA:14,3
DA:15,3
DA:17,3
DA:19,3
DA:22,2
DA:23,2
DA:25,2
DA:27,2
DA:30,2
DA:35,4
DA:36,4
DA:37,4
DA:39,4
DA:40,4
DA:42,3
DA:44,3
DA:49,2
DA:51,4
DA:52,4
DA:54,4
DA:55,4
DA:57,3
DA:59,3
DA:62,2
LF:33
LH:33
BRDA:40,0,0,1
BRDA:40,0,1,3
BRDA:55,1,0,1
BRDA:55,1,1,3
BRF:4
BRH:4
end_of_record
TN:
SF:D:\asafs\projects\nodeJS\simpleCheckList\routes\users.js
FN:7,(anonymous_0)
FNF:1
FNH:1
FNDA:3,(anonymous_0)
DA:1,2
DA:2,2
DA:3,2
DA:4,2
DA:5,2
DA:7,2
DA:9,3
DA:10,3
DA:14,3
DA:19,3
DA:20,3
DA:21,3
DA:24,1
DA:26,3
DA:29,2
LF:15
LH:15
BRDA:10,0,0,1
BRDA:10,0,1,2
BRF:2
BRH:2
end_of_record
